2025-03-21 10:49:21,978 - INFO - Starting script...
2025-03-21 10:49:21,978 - INFO - Experiment bi_direct_medium_n_prompts_bi_di_50 started in exp
lm.base_model.model.lm.transformer.layers.0.self_attn.out_proj.lora_A.default.weight
lm.base_model.model.lm.transformer.layers.0.self_attn.out_proj.lora_B.default.weight
lm.base_model.model.lm.transformer.layers.0.self_attn.q_proj.lora_A.default.weight
lm.base_model.model.lm.transformer.layers.0.self_attn.q_proj.lora_B.default.weight
lm.base_model.model.lm.transformer.layers.0.self_attn.k_proj.lora_A.default.weight
lm.base_model.model.lm.transformer.layers.0.self_attn.k_proj.lora_B.default.weight
lm.base_model.model.lm.transformer.layers.0.self_attn.v_proj.lora_A.default.weight
lm.base_model.model.lm.transformer.layers.0.self_attn.v_proj.lora_B.default.weight
lm.base_model.model.lm.transformer.layers.1.self_attn.out_proj.lora_A.default.weight
lm.base_model.model.lm.transformer.layers.1.self_attn.out_proj.lora_B.default.weight
lm.base_model.model.lm.transformer.layers.1.self_attn.q_proj.lora_A.default.weight
lm.base_model.model.lm.transformer.layers.1.self_attn.q_proj.lora_B.default.weight
lm.base_model.model.lm.transformer.layers.1.self_attn.k_proj.lora_A.default.weight
lm.base_model.model.lm.transformer.layers.1.self_attn.k_proj.lora_B.default.weight
lm.base_model.model.lm.transformer.layers.1.self_attn.v_proj.lora_A.default.weight
lm.base_model.model.lm.transformer.layers.1.self_attn.v_proj.lora_B.default.weight
lm.base_model.model.lm.transformer.layers.2.self_attn.out_proj.lora_A.default.weight
lm.base_model.model.lm.transformer.layers.2.self_attn.out_proj.lora_B.default.weight
lm.base_model.model.lm.transformer.layers.2.self_attn.q_proj.lora_A.default.weight
lm.base_model.model.lm.transformer.layers.2.self_attn.q_proj.lora_B.default.weight
lm.base_model.model.lm.transformer.layers.2.self_attn.k_proj.lora_A.default.weight
lm.base_model.model.lm.transformer.layers.2.self_attn.k_proj.lora_B.default.weight
lm.base_model.model.lm.transformer.layers.2.self_attn.v_proj.lora_A.default.weight
lm.base_model.model.lm.transformer.layers.2.self_attn.v_proj.lora_B.default.weight
lm.base_model.model.lm.transformer.layers.3.self_attn.out_proj.lora_A.default.weight
lm.base_model.model.lm.transformer.layers.3.self_attn.out_proj.lora_B.default.weight
lm.base_model.model.lm.transformer.layers.3.self_attn.q_proj.lora_A.default.weight
lm.base_model.model.lm.transformer.layers.3.self_attn.q_proj.lora_B.default.weight
lm.base_model.model.lm.transformer.layers.3.self_attn.k_proj.lora_A.default.weight
lm.base_model.model.lm.transformer.layers.3.self_attn.k_proj.lora_B.default.weight
lm.base_model.model.lm.transformer.layers.3.self_attn.v_proj.lora_A.default.weight
lm.base_model.model.lm.transformer.layers.3.self_attn.v_proj.lora_B.default.weight
lm.base_model.model.lm.transformer.layers.4.self_attn.out_proj.lora_A.default.weight
lm.base_model.model.lm.transformer.layers.4.self_attn.out_proj.lora_B.default.weight
lm.base_model.model.lm.transformer.layers.4.self_attn.q_proj.lora_A.default.weight
lm.base_model.model.lm.transformer.layers.4.self_attn.q_proj.lora_B.default.weight
lm.base_model.model.lm.transformer.layers.4.self_attn.k_proj.lora_A.default.weight
lm.base_model.model.lm.transformer.layers.4.self_attn.k_proj.lora_B.default.weight
lm.base_model.model.lm.transformer.layers.4.self_attn.v_proj.lora_A.default.weight
lm.base_model.model.lm.transformer.layers.4.self_attn.v_proj.lora_B.default.weight
lm.base_model.model.lm.transformer.layers.5.self_attn.out_proj.lora_A.default.weight
lm.base_model.model.lm.transformer.layers.5.self_attn.out_proj.lora_B.default.weight
lm.base_model.model.lm.transformer.layers.5.self_attn.q_proj.lora_A.default.weight
lm.base_model.model.lm.transformer.layers.5.self_attn.q_proj.lora_B.default.weight
lm.base_model.model.lm.transformer.layers.5.self_attn.k_proj.lora_A.default.weight
lm.base_model.model.lm.transformer.layers.5.self_attn.k_proj.lora_B.default.weight
lm.base_model.model.lm.transformer.layers.5.self_attn.v_proj.lora_A.default.weight
lm.base_model.model.lm.transformer.layers.5.self_attn.v_proj.lora_B.default.weight
lm.base_model.model.lm.transformer.layers.6.self_attn.out_proj.lora_A.default.weight
lm.base_model.model.lm.transformer.layers.6.self_attn.out_proj.lora_B.default.weight
lm.base_model.model.lm.transformer.layers.6.self_attn.q_proj.lora_A.default.weight
lm.base_model.model.lm.transformer.layers.6.self_attn.q_proj.lora_B.default.weight
lm.base_model.model.lm.transformer.layers.6.self_attn.k_proj.lora_A.default.weight
lm.base_model.model.lm.transformer.layers.6.self_attn.k_proj.lora_B.default.weight
lm.base_model.model.lm.transformer.layers.6.self_attn.v_proj.lora_A.default.weight
lm.base_model.model.lm.transformer.layers.6.self_attn.v_proj.lora_B.default.weight
lm.base_model.model.lm.transformer.layers.7.self_attn.out_proj.lora_A.default.weight
lm.base_model.model.lm.transformer.layers.7.self_attn.out_proj.lora_B.default.weight
lm.base_model.model.lm.transformer.layers.7.self_attn.q_proj.lora_A.default.weight
lm.base_model.model.lm.transformer.layers.7.self_attn.q_proj.lora_B.default.weight
lm.base_model.model.lm.transformer.layers.7.self_attn.k_proj.lora_A.default.weight
lm.base_model.model.lm.transformer.layers.7.self_attn.k_proj.lora_B.default.weight
lm.base_model.model.lm.transformer.layers.7.self_attn.v_proj.lora_A.default.weight
lm.base_model.model.lm.transformer.layers.7.self_attn.v_proj.lora_B.default.weight
lm.base_model.model.lm.transformer.layers.8.self_attn.out_proj.lora_A.default.weight
lm.base_model.model.lm.transformer.layers.8.self_attn.out_proj.lora_B.default.weight
lm.base_model.model.lm.transformer.layers.8.self_attn.q_proj.lora_A.default.weight
lm.base_model.model.lm.transformer.layers.8.self_attn.q_proj.lora_B.default.weight
lm.base_model.model.lm.transformer.layers.8.self_attn.k_proj.lora_A.default.weight
lm.base_model.model.lm.transformer.layers.8.self_attn.k_proj.lora_B.default.weight
lm.base_model.model.lm.transformer.layers.8.self_attn.v_proj.lora_A.default.weight
lm.base_model.model.lm.transformer.layers.8.self_attn.v_proj.lora_B.default.weight
lm.base_model.model.lm.transformer.layers.9.self_attn.out_proj.lora_A.default.weight
lm.base_model.model.lm.transformer.layers.9.self_attn.out_proj.lora_B.default.weight
lm.base_model.model.lm.transformer.layers.9.self_attn.q_proj.lora_A.default.weight
lm.base_model.model.lm.transformer.layers.9.self_attn.q_proj.lora_B.default.weight
lm.base_model.model.lm.transformer.layers.9.self_attn.k_proj.lora_A.default.weight
lm.base_model.model.lm.transformer.layers.9.self_attn.k_proj.lora_B.default.weight
lm.base_model.model.lm.transformer.layers.9.self_attn.v_proj.lora_A.default.weight
lm.base_model.model.lm.transformer.layers.9.self_attn.v_proj.lora_B.default.weight
lm.base_model.model.lm.transformer.layers.10.self_attn.out_proj.lora_A.default.weight
lm.base_model.model.lm.transformer.layers.10.self_attn.out_proj.lora_B.default.weight
lm.base_model.model.lm.transformer.layers.10.self_attn.q_proj.lora_A.default.weight
lm.base_model.model.lm.transformer.layers.10.self_attn.q_proj.lora_B.default.weight
lm.base_model.model.lm.transformer.layers.10.self_attn.k_proj.lora_A.default.weight
lm.base_model.model.lm.transformer.layers.10.self_attn.k_proj.lora_B.default.weight
lm.base_model.model.lm.transformer.layers.10.self_attn.v_proj.lora_A.default.weight
lm.base_model.model.lm.transformer.layers.10.self_attn.v_proj.lora_B.default.weight
lm.base_model.model.lm.transformer.layers.11.self_attn.out_proj.lora_A.default.weight
lm.base_model.model.lm.transformer.layers.11.self_attn.out_proj.lora_B.default.weight
lm.base_model.model.lm.transformer.layers.11.self_attn.q_proj.lora_A.default.weight
lm.base_model.model.lm.transformer.layers.11.self_attn.q_proj.lora_B.default.weight
lm.base_model.model.lm.transformer.layers.11.self_attn.k_proj.lora_A.default.weight
lm.base_model.model.lm.transformer.layers.11.self_attn.k_proj.lora_B.default.weight
lm.base_model.model.lm.transformer.layers.11.self_attn.v_proj.lora_A.default.weight
lm.base_model.model.lm.transformer.layers.11.self_attn.v_proj.lora_B.default.weight
lm.base_model.model.lm.transformer.layers.12.self_attn.out_proj.lora_A.default.weight
lm.base_model.model.lm.transformer.layers.12.self_attn.out_proj.lora_B.default.weight
lm.base_model.model.lm.transformer.layers.12.self_attn.q_proj.lora_A.default.weight
lm.base_model.model.lm.transformer.layers.12.self_attn.q_proj.lora_B.default.weight
lm.base_model.model.lm.transformer.layers.12.self_attn.k_proj.lora_A.default.weight
lm.base_model.model.lm.transformer.layers.12.self_attn.k_proj.lora_B.default.weight
lm.base_model.model.lm.transformer.layers.12.self_attn.v_proj.lora_A.default.weight
lm.base_model.model.lm.transformer.layers.12.self_attn.v_proj.lora_B.default.weight
lm.base_model.model.lm.transformer.layers.13.self_attn.out_proj.lora_A.default.weight
lm.base_model.model.lm.transformer.layers.13.self_attn.out_proj.lora_B.default.weight
lm.base_model.model.lm.transformer.layers.13.self_attn.q_proj.lora_A.default.weight
lm.base_model.model.lm.transformer.layers.13.self_attn.q_proj.lora_B.default.weight
lm.base_model.model.lm.transformer.layers.13.self_attn.k_proj.lora_A.default.weight
lm.base_model.model.lm.transformer.layers.13.self_attn.k_proj.lora_B.default.weight
lm.base_model.model.lm.transformer.layers.13.self_attn.v_proj.lora_A.default.weight
lm.base_model.model.lm.transformer.layers.13.self_attn.v_proj.lora_B.default.weight
lm.base_model.model.lm.transformer.layers.14.self_attn.out_proj.lora_A.default.weight
lm.base_model.model.lm.transformer.layers.14.self_attn.out_proj.lora_B.default.weight
lm.base_model.model.lm.transformer.layers.14.self_attn.q_proj.lora_A.default.weight
lm.base_model.model.lm.transformer.layers.14.self_attn.q_proj.lora_B.default.weight
lm.base_model.model.lm.transformer.layers.14.self_attn.k_proj.lora_A.default.weight
lm.base_model.model.lm.transformer.layers.14.self_attn.k_proj.lora_B.default.weight
lm.base_model.model.lm.transformer.layers.14.self_attn.v_proj.lora_A.default.weight
lm.base_model.model.lm.transformer.layers.14.self_attn.v_proj.lora_B.default.weight
lm.base_model.model.lm.transformer.layers.15.self_attn.out_proj.lora_A.default.weight
lm.base_model.model.lm.transformer.layers.15.self_attn.out_proj.lora_B.default.weight
lm.base_model.model.lm.transformer.layers.15.self_attn.q_proj.lora_A.default.weight
lm.base_model.model.lm.transformer.layers.15.self_attn.q_proj.lora_B.default.weight
lm.base_model.model.lm.transformer.layers.15.self_attn.k_proj.lora_A.default.weight
lm.base_model.model.lm.transformer.layers.15.self_attn.k_proj.lora_B.default.weight
lm.base_model.model.lm.transformer.layers.15.self_attn.v_proj.lora_A.default.weight
lm.base_model.model.lm.transformer.layers.15.self_attn.v_proj.lora_B.default.weight
lm.base_model.model.lm.transformer.layers.16.self_attn.out_proj.lora_A.default.weight
lm.base_model.model.lm.transformer.layers.16.self_attn.out_proj.lora_B.default.weight
lm.base_model.model.lm.transformer.layers.16.self_attn.q_proj.lora_A.default.weight
lm.base_model.model.lm.transformer.layers.16.self_attn.q_proj.lora_B.default.weight
lm.base_model.model.lm.transformer.layers.16.self_attn.k_proj.lora_A.default.weight
lm.base_model.model.lm.transformer.layers.16.self_attn.k_proj.lora_B.default.weight
lm.base_model.model.lm.transformer.layers.16.self_attn.v_proj.lora_A.default.weight
lm.base_model.model.lm.transformer.layers.16.self_attn.v_proj.lora_B.default.weight
lm.base_model.model.lm.transformer.layers.17.self_attn.out_proj.lora_A.default.weight
lm.base_model.model.lm.transformer.layers.17.self_attn.out_proj.lora_B.default.weight
lm.base_model.model.lm.transformer.layers.17.self_attn.q_proj.lora_A.default.weight
lm.base_model.model.lm.transformer.layers.17.self_attn.q_proj.lora_B.default.weight
lm.base_model.model.lm.transformer.layers.17.self_attn.k_proj.lora_A.default.weight
lm.base_model.model.lm.transformer.layers.17.self_attn.k_proj.lora_B.default.weight
lm.base_model.model.lm.transformer.layers.17.self_attn.v_proj.lora_A.default.weight
lm.base_model.model.lm.transformer.layers.17.self_attn.v_proj.lora_B.default.weight
lm.base_model.model.lm.transformer.layers.18.self_attn.out_proj.lora_A.default.weight
lm.base_model.model.lm.transformer.layers.18.self_attn.out_proj.lora_B.default.weight
lm.base_model.model.lm.transformer.layers.18.self_attn.q_proj.lora_A.default.weight
lm.base_model.model.lm.transformer.layers.18.self_attn.q_proj.lora_B.default.weight
lm.base_model.model.lm.transformer.layers.18.self_attn.k_proj.lora_A.default.weight
lm.base_model.model.lm.transformer.layers.18.self_attn.k_proj.lora_B.default.weight
lm.base_model.model.lm.transformer.layers.18.self_attn.v_proj.lora_A.default.weight
lm.base_model.model.lm.transformer.layers.18.self_attn.v_proj.lora_B.default.weight
lm.base_model.model.lm.transformer.layers.19.self_attn.out_proj.lora_A.default.weight
lm.base_model.model.lm.transformer.layers.19.self_attn.out_proj.lora_B.default.weight
lm.base_model.model.lm.transformer.layers.19.self_attn.q_proj.lora_A.default.weight
lm.base_model.model.lm.transformer.layers.19.self_attn.q_proj.lora_B.default.weight
lm.base_model.model.lm.transformer.layers.19.self_attn.k_proj.lora_A.default.weight
lm.base_model.model.lm.transformer.layers.19.self_attn.k_proj.lora_B.default.weight
lm.base_model.model.lm.transformer.layers.19.self_attn.v_proj.lora_A.default.weight
lm.base_model.model.lm.transformer.layers.19.self_attn.v_proj.lora_B.default.weight
lm.base_model.model.lm.transformer.layers.20.self_attn.out_proj.lora_A.default.weight
lm.base_model.model.lm.transformer.layers.20.self_attn.out_proj.lora_B.default.weight
lm.base_model.model.lm.transformer.layers.20.self_attn.q_proj.lora_A.default.weight
lm.base_model.model.lm.transformer.layers.20.self_attn.q_proj.lora_B.default.weight
lm.base_model.model.lm.transformer.layers.20.self_attn.k_proj.lora_A.default.weight
lm.base_model.model.lm.transformer.layers.20.self_attn.k_proj.lora_B.default.weight
lm.base_model.model.lm.transformer.layers.20.self_attn.v_proj.lora_A.default.weight
lm.base_model.model.lm.transformer.layers.20.self_attn.v_proj.lora_B.default.weight
lm.base_model.model.lm.transformer.layers.21.self_attn.out_proj.lora_A.default.weight
lm.base_model.model.lm.transformer.layers.21.self_attn.out_proj.lora_B.default.weight
lm.base_model.model.lm.transformer.layers.21.self_attn.q_proj.lora_A.default.weight
lm.base_model.model.lm.transformer.layers.21.self_attn.q_proj.lora_B.default.weight
lm.base_model.model.lm.transformer.layers.21.self_attn.k_proj.lora_A.default.weight
lm.base_model.model.lm.transformer.layers.21.self_attn.k_proj.lora_B.default.weight
lm.base_model.model.lm.transformer.layers.21.self_attn.v_proj.lora_A.default.weight
lm.base_model.model.lm.transformer.layers.21.self_attn.v_proj.lora_B.default.weight
lm.base_model.model.lm.transformer.layers.22.self_attn.out_proj.lora_A.default.weight
lm.base_model.model.lm.transformer.layers.22.self_attn.out_proj.lora_B.default.weight
lm.base_model.model.lm.transformer.layers.22.self_attn.q_proj.lora_A.default.weight
lm.base_model.model.lm.transformer.layers.22.self_attn.q_proj.lora_B.default.weight
lm.base_model.model.lm.transformer.layers.22.self_attn.k_proj.lora_A.default.weight
lm.base_model.model.lm.transformer.layers.22.self_attn.k_proj.lora_B.default.weight
lm.base_model.model.lm.transformer.layers.22.self_attn.v_proj.lora_A.default.weight
lm.base_model.model.lm.transformer.layers.22.self_attn.v_proj.lora_B.default.weight
lm.base_model.model.lm.transformer.layers.23.self_attn.out_proj.lora_A.default.weight
lm.base_model.model.lm.transformer.layers.23.self_attn.out_proj.lora_B.default.weight
lm.base_model.model.lm.transformer.layers.23.self_attn.q_proj.lora_A.default.weight
lm.base_model.model.lm.transformer.layers.23.self_attn.q_proj.lora_B.default.weight
lm.base_model.model.lm.transformer.layers.23.self_attn.k_proj.lora_A.default.weight
lm.base_model.model.lm.transformer.layers.23.self_attn.k_proj.lora_B.default.weight
lm.base_model.model.lm.transformer.layers.23.self_attn.v_proj.lora_A.default.weight
lm.base_model.model.lm.transformer.layers.23.self_attn.v_proj.lora_B.default.weight
lm.base_model.model.lm.transformer.layers.24.self_attn.out_proj.lora_A.default.weight
lm.base_model.model.lm.transformer.layers.24.self_attn.out_proj.lora_B.default.weight
lm.base_model.model.lm.transformer.layers.24.self_attn.q_proj.lora_A.default.weight
lm.base_model.model.lm.transformer.layers.24.self_attn.q_proj.lora_B.default.weight
lm.base_model.model.lm.transformer.layers.24.self_attn.k_proj.lora_A.default.weight
lm.base_model.model.lm.transformer.layers.24.self_attn.k_proj.lora_B.default.weight
lm.base_model.model.lm.transformer.layers.24.self_attn.v_proj.lora_A.default.weight
lm.base_model.model.lm.transformer.layers.24.self_attn.v_proj.lora_B.default.weight
lm.base_model.model.lm.transformer.layers.25.self_attn.out_proj.lora_A.default.weight
lm.base_model.model.lm.transformer.layers.25.self_attn.out_proj.lora_B.default.weight
lm.base_model.model.lm.transformer.layers.25.self_attn.q_proj.lora_A.default.weight
lm.base_model.model.lm.transformer.layers.25.self_attn.q_proj.lora_B.default.weight
lm.base_model.model.lm.transformer.layers.25.self_attn.k_proj.lora_A.default.weight
lm.base_model.model.lm.transformer.layers.25.self_attn.k_proj.lora_B.default.weight
lm.base_model.model.lm.transformer.layers.25.self_attn.v_proj.lora_A.default.weight
lm.base_model.model.lm.transformer.layers.25.self_attn.v_proj.lora_B.default.weight
lm.base_model.model.lm.transformer.layers.26.self_attn.out_proj.lora_A.default.weight
lm.base_model.model.lm.transformer.layers.26.self_attn.out_proj.lora_B.default.weight
lm.base_model.model.lm.transformer.layers.26.self_attn.q_proj.lora_A.default.weight
lm.base_model.model.lm.transformer.layers.26.self_attn.q_proj.lora_B.default.weight
lm.base_model.model.lm.transformer.layers.26.self_attn.k_proj.lora_A.default.weight
lm.base_model.model.lm.transformer.layers.26.self_attn.k_proj.lora_B.default.weight
lm.base_model.model.lm.transformer.layers.26.self_attn.v_proj.lora_A.default.weight
lm.base_model.model.lm.transformer.layers.26.self_attn.v_proj.lora_B.default.weight
lm.base_model.model.lm.transformer.layers.27.self_attn.out_proj.lora_A.default.weight
lm.base_model.model.lm.transformer.layers.27.self_attn.out_proj.lora_B.default.weight
lm.base_model.model.lm.transformer.layers.27.self_attn.q_proj.lora_A.default.weight
lm.base_model.model.lm.transformer.layers.27.self_attn.q_proj.lora_B.default.weight
lm.base_model.model.lm.transformer.layers.27.self_attn.k_proj.lora_A.default.weight
lm.base_model.model.lm.transformer.layers.27.self_attn.k_proj.lora_B.default.weight
lm.base_model.model.lm.transformer.layers.27.self_attn.v_proj.lora_A.default.weight
lm.base_model.model.lm.transformer.layers.27.self_attn.v_proj.lora_B.default.weight
lm.base_model.model.lm.transformer.layers.28.self_attn.out_proj.lora_A.default.weight
lm.base_model.model.lm.transformer.layers.28.self_attn.out_proj.lora_B.default.weight
lm.base_model.model.lm.transformer.layers.28.self_attn.q_proj.lora_A.default.weight
lm.base_model.model.lm.transformer.layers.28.self_attn.q_proj.lora_B.default.weight
lm.base_model.model.lm.transformer.layers.28.self_attn.k_proj.lora_A.default.weight
lm.base_model.model.lm.transformer.layers.28.self_attn.k_proj.lora_B.default.weight
lm.base_model.model.lm.transformer.layers.28.self_attn.v_proj.lora_A.default.weight
lm.base_model.model.lm.transformer.layers.28.self_attn.v_proj.lora_B.default.weight
lm.base_model.model.lm.transformer.layers.29.self_attn.out_proj.lora_A.default.weight
lm.base_model.model.lm.transformer.layers.29.self_attn.out_proj.lora_B.default.weight
lm.base_model.model.lm.transformer.layers.29.self_attn.q_proj.lora_A.default.weight
lm.base_model.model.lm.transformer.layers.29.self_attn.q_proj.lora_B.default.weight
lm.base_model.model.lm.transformer.layers.29.self_attn.k_proj.lora_A.default.weight
lm.base_model.model.lm.transformer.layers.29.self_attn.k_proj.lora_B.default.weight
lm.base_model.model.lm.transformer.layers.29.self_attn.v_proj.lora_A.default.weight
lm.base_model.model.lm.transformer.layers.29.self_attn.v_proj.lora_B.default.weight
lm.base_model.model.lm.transformer.layers.30.self_attn.out_proj.lora_A.default.weight
lm.base_model.model.lm.transformer.layers.30.self_attn.out_proj.lora_B.default.weight
lm.base_model.model.lm.transformer.layers.30.self_attn.q_proj.lora_A.default.weight
lm.base_model.model.lm.transformer.layers.30.self_attn.q_proj.lora_B.default.weight
lm.base_model.model.lm.transformer.layers.30.self_attn.k_proj.lora_A.default.weight
lm.base_model.model.lm.transformer.layers.30.self_attn.k_proj.lora_B.default.weight
lm.base_model.model.lm.transformer.layers.30.self_attn.v_proj.lora_A.default.weight
lm.base_model.model.lm.transformer.layers.30.self_attn.v_proj.lora_B.default.weight
lm.base_model.model.lm.transformer.layers.31.self_attn.out_proj.lora_A.default.weight
lm.base_model.model.lm.transformer.layers.31.self_attn.out_proj.lora_B.default.weight
lm.base_model.model.lm.transformer.layers.31.self_attn.q_proj.lora_A.default.weight
lm.base_model.model.lm.transformer.layers.31.self_attn.q_proj.lora_B.default.weight
lm.base_model.model.lm.transformer.layers.31.self_attn.k_proj.lora_A.default.weight
lm.base_model.model.lm.transformer.layers.31.self_attn.k_proj.lora_B.default.weight
lm.base_model.model.lm.transformer.layers.31.self_attn.v_proj.lora_A.default.weight
lm.base_model.model.lm.transformer.layers.31.self_attn.v_proj.lora_B.default.weight
lm.base_model.model.lm.transformer.layers.32.self_attn.out_proj.lora_A.default.weight
lm.base_model.model.lm.transformer.layers.32.self_attn.out_proj.lora_B.default.weight
lm.base_model.model.lm.transformer.layers.32.self_attn.q_proj.lora_A.default.weight
lm.base_model.model.lm.transformer.layers.32.self_attn.q_proj.lora_B.default.weight
lm.base_model.model.lm.transformer.layers.32.self_attn.k_proj.lora_A.default.weight
lm.base_model.model.lm.transformer.layers.32.self_attn.k_proj.lora_B.default.weight
lm.base_model.model.lm.transformer.layers.32.self_attn.v_proj.lora_A.default.weight
lm.base_model.model.lm.transformer.layers.32.self_attn.v_proj.lora_B.default.weight
lm.base_model.model.lm.transformer.layers.33.self_attn.out_proj.lora_A.default.weight
lm.base_model.model.lm.transformer.layers.33.self_attn.out_proj.lora_B.default.weight
lm.base_model.model.lm.transformer.layers.33.self_attn.q_proj.lora_A.default.weight
lm.base_model.model.lm.transformer.layers.33.self_attn.q_proj.lora_B.default.weight
lm.base_model.model.lm.transformer.layers.33.self_attn.k_proj.lora_A.default.weight
lm.base_model.model.lm.transformer.layers.33.self_attn.k_proj.lora_B.default.weight
lm.base_model.model.lm.transformer.layers.33.self_attn.v_proj.lora_A.default.weight
lm.base_model.model.lm.transformer.layers.33.self_attn.v_proj.lora_B.default.weight
lm.base_model.model.lm.transformer.layers.34.self_attn.out_proj.lora_A.default.weight
lm.base_model.model.lm.transformer.layers.34.self_attn.out_proj.lora_B.default.weight
lm.base_model.model.lm.transformer.layers.34.self_attn.q_proj.lora_A.default.weight
lm.base_model.model.lm.transformer.layers.34.self_attn.q_proj.lora_B.default.weight
lm.base_model.model.lm.transformer.layers.34.self_attn.k_proj.lora_A.default.weight
lm.base_model.model.lm.transformer.layers.34.self_attn.k_proj.lora_B.default.weight
lm.base_model.model.lm.transformer.layers.34.self_attn.v_proj.lora_A.default.weight
lm.base_model.model.lm.transformer.layers.34.self_attn.v_proj.lora_B.default.weight
lm.base_model.model.lm.transformer.layers.35.self_attn.out_proj.lora_A.default.weight
lm.base_model.model.lm.transformer.layers.35.self_attn.out_proj.lora_B.default.weight
lm.base_model.model.lm.transformer.layers.35.self_attn.q_proj.lora_A.default.weight
lm.base_model.model.lm.transformer.layers.35.self_attn.q_proj.lora_B.default.weight
lm.base_model.model.lm.transformer.layers.35.self_attn.k_proj.lora_A.default.weight
lm.base_model.model.lm.transformer.layers.35.self_attn.k_proj.lora_B.default.weight
lm.base_model.model.lm.transformer.layers.35.self_attn.v_proj.lora_A.default.weight
lm.base_model.model.lm.transformer.layers.35.self_attn.v_proj.lora_B.default.weight
lm.base_model.model.lm.transformer.layers.36.self_attn.out_proj.lora_A.default.weight
lm.base_model.model.lm.transformer.layers.36.self_attn.out_proj.lora_B.default.weight
lm.base_model.model.lm.transformer.layers.36.self_attn.q_proj.lora_A.default.weight
lm.base_model.model.lm.transformer.layers.36.self_attn.q_proj.lora_B.default.weight
lm.base_model.model.lm.transformer.layers.36.self_attn.k_proj.lora_A.default.weight
lm.base_model.model.lm.transformer.layers.36.self_attn.k_proj.lora_B.default.weight
lm.base_model.model.lm.transformer.layers.36.self_attn.v_proj.lora_A.default.weight
lm.base_model.model.lm.transformer.layers.36.self_attn.v_proj.lora_B.default.weight
lm.base_model.model.lm.transformer.layers.37.self_attn.out_proj.lora_A.default.weight
lm.base_model.model.lm.transformer.layers.37.self_attn.out_proj.lora_B.default.weight
lm.base_model.model.lm.transformer.layers.37.self_attn.q_proj.lora_A.default.weight
lm.base_model.model.lm.transformer.layers.37.self_attn.q_proj.lora_B.default.weight
lm.base_model.model.lm.transformer.layers.37.self_attn.k_proj.lora_A.default.weight
lm.base_model.model.lm.transformer.layers.37.self_attn.k_proj.lora_B.default.weight
lm.base_model.model.lm.transformer.layers.37.self_attn.v_proj.lora_A.default.weight
lm.base_model.model.lm.transformer.layers.37.self_attn.v_proj.lora_B.default.weight
lm.base_model.model.lm.transformer.layers.38.self_attn.out_proj.lora_A.default.weight
lm.base_model.model.lm.transformer.layers.38.self_attn.out_proj.lora_B.default.weight
lm.base_model.model.lm.transformer.layers.38.self_attn.q_proj.lora_A.default.weight
lm.base_model.model.lm.transformer.layers.38.self_attn.q_proj.lora_B.default.weight
lm.base_model.model.lm.transformer.layers.38.self_attn.k_proj.lora_A.default.weight
lm.base_model.model.lm.transformer.layers.38.self_attn.k_proj.lora_B.default.weight
lm.base_model.model.lm.transformer.layers.38.self_attn.v_proj.lora_A.default.weight
lm.base_model.model.lm.transformer.layers.38.self_attn.v_proj.lora_B.default.weight
lm.base_model.model.lm.transformer.layers.39.self_attn.out_proj.lora_A.default.weight
lm.base_model.model.lm.transformer.layers.39.self_attn.out_proj.lora_B.default.weight
lm.base_model.model.lm.transformer.layers.39.self_attn.q_proj.lora_A.default.weight
lm.base_model.model.lm.transformer.layers.39.self_attn.q_proj.lora_B.default.weight
lm.base_model.model.lm.transformer.layers.39.self_attn.k_proj.lora_A.default.weight
lm.base_model.model.lm.transformer.layers.39.self_attn.k_proj.lora_B.default.weight
lm.base_model.model.lm.transformer.layers.39.self_attn.v_proj.lora_A.default.weight
lm.base_model.model.lm.transformer.layers.39.self_attn.v_proj.lora_B.default.weight
lm.base_model.model.lm.transformer.layers.40.self_attn.out_proj.lora_A.default.weight
lm.base_model.model.lm.transformer.layers.40.self_attn.out_proj.lora_B.default.weight
lm.base_model.model.lm.transformer.layers.40.self_attn.q_proj.lora_A.default.weight
lm.base_model.model.lm.transformer.layers.40.self_attn.q_proj.lora_B.default.weight
lm.base_model.model.lm.transformer.layers.40.self_attn.k_proj.lora_A.default.weight
lm.base_model.model.lm.transformer.layers.40.self_attn.k_proj.lora_B.default.weight
lm.base_model.model.lm.transformer.layers.40.self_attn.v_proj.lora_A.default.weight
lm.base_model.model.lm.transformer.layers.40.self_attn.v_proj.lora_B.default.weight
lm.base_model.model.lm.transformer.layers.41.self_attn.out_proj.lora_A.default.weight
lm.base_model.model.lm.transformer.layers.41.self_attn.out_proj.lora_B.default.weight
lm.base_model.model.lm.transformer.layers.41.self_attn.q_proj.lora_A.default.weight
lm.base_model.model.lm.transformer.layers.41.self_attn.q_proj.lora_B.default.weight
lm.base_model.model.lm.transformer.layers.41.self_attn.k_proj.lora_A.default.weight
lm.base_model.model.lm.transformer.layers.41.self_attn.k_proj.lora_B.default.weight
lm.base_model.model.lm.transformer.layers.41.self_attn.v_proj.lora_A.default.weight
lm.base_model.model.lm.transformer.layers.41.self_attn.v_proj.lora_B.default.weight
lm.base_model.model.lm.transformer.layers.42.self_attn.out_proj.lora_A.default.weight
lm.base_model.model.lm.transformer.layers.42.self_attn.out_proj.lora_B.default.weight
lm.base_model.model.lm.transformer.layers.42.self_attn.q_proj.lora_A.default.weight
lm.base_model.model.lm.transformer.layers.42.self_attn.q_proj.lora_B.default.weight
lm.base_model.model.lm.transformer.layers.42.self_attn.k_proj.lora_A.default.weight
lm.base_model.model.lm.transformer.layers.42.self_attn.k_proj.lora_B.default.weight
lm.base_model.model.lm.transformer.layers.42.self_attn.v_proj.lora_A.default.weight
lm.base_model.model.lm.transformer.layers.42.self_attn.v_proj.lora_B.default.weight
lm.base_model.model.lm.transformer.layers.43.self_attn.out_proj.lora_A.default.weight
lm.base_model.model.lm.transformer.layers.43.self_attn.out_proj.lora_B.default.weight
lm.base_model.model.lm.transformer.layers.43.self_attn.q_proj.lora_A.default.weight
lm.base_model.model.lm.transformer.layers.43.self_attn.q_proj.lora_B.default.weight
lm.base_model.model.lm.transformer.layers.43.self_attn.k_proj.lora_A.default.weight
lm.base_model.model.lm.transformer.layers.43.self_attn.k_proj.lora_B.default.weight
lm.base_model.model.lm.transformer.layers.43.self_attn.v_proj.lora_A.default.weight
lm.base_model.model.lm.transformer.layers.43.self_attn.v_proj.lora_B.default.weight
lm.base_model.model.lm.transformer.layers.44.self_attn.out_proj.lora_A.default.weight
lm.base_model.model.lm.transformer.layers.44.self_attn.out_proj.lora_B.default.weight
lm.base_model.model.lm.transformer.layers.44.self_attn.q_proj.lora_A.default.weight
lm.base_model.model.lm.transformer.layers.44.self_attn.q_proj.lora_B.default.weight
lm.base_model.model.lm.transformer.layers.44.self_attn.k_proj.lora_A.default.weight
lm.base_model.model.lm.transformer.layers.44.self_attn.k_proj.lora_B.default.weight
lm.base_model.model.lm.transformer.layers.44.self_attn.v_proj.lora_A.default.weight
lm.base_model.model.lm.transformer.layers.44.self_attn.v_proj.lora_B.default.weight
lm.base_model.model.lm.transformer.layers.45.self_attn.out_proj.lora_A.default.weight
lm.base_model.model.lm.transformer.layers.45.self_attn.out_proj.lora_B.default.weight
lm.base_model.model.lm.transformer.layers.45.self_attn.q_proj.lora_A.default.weight
lm.base_model.model.lm.transformer.layers.45.self_attn.q_proj.lora_B.default.weight
lm.base_model.model.lm.transformer.layers.45.self_attn.k_proj.lora_A.default.weight
lm.base_model.model.lm.transformer.layers.45.self_attn.k_proj.lora_B.default.weight
lm.base_model.model.lm.transformer.layers.45.self_attn.v_proj.lora_A.default.weight
lm.base_model.model.lm.transformer.layers.45.self_attn.v_proj.lora_B.default.weight
lm.base_model.model.lm.transformer.layers.46.self_attn.out_proj.lora_A.default.weight
lm.base_model.model.lm.transformer.layers.46.self_attn.out_proj.lora_B.default.weight
lm.base_model.model.lm.transformer.layers.46.self_attn.q_proj.lora_A.default.weight
lm.base_model.model.lm.transformer.layers.46.self_attn.q_proj.lora_B.default.weight
lm.base_model.model.lm.transformer.layers.46.self_attn.k_proj.lora_A.default.weight
lm.base_model.model.lm.transformer.layers.46.self_attn.k_proj.lora_B.default.weight
lm.base_model.model.lm.transformer.layers.46.self_attn.v_proj.lora_A.default.weight
lm.base_model.model.lm.transformer.layers.46.self_attn.v_proj.lora_B.default.weight
lm.base_model.model.lm.transformer.layers.47.self_attn.out_proj.lora_A.default.weight
lm.base_model.model.lm.transformer.layers.47.self_attn.out_proj.lora_B.default.weight
lm.base_model.model.lm.transformer.layers.47.self_attn.q_proj.lora_A.default.weight
lm.base_model.model.lm.transformer.layers.47.self_attn.q_proj.lora_B.default.weight
lm.base_model.model.lm.transformer.layers.47.self_attn.k_proj.lora_A.default.weight
lm.base_model.model.lm.transformer.layers.47.self_attn.k_proj.lora_B.default.weight
lm.base_model.model.lm.transformer.layers.47.self_attn.v_proj.lora_A.default.weight
lm.base_model.model.lm.transformer.layers.47.self_attn.v_proj.lora_B.default.weight
